<?xml version="1.0" encoding="UTF-8"?>
<testsuite xmlns:xsi="http://www.w3.org/2001/XMLSchema-instance" xsi:noNamespaceSchemaLocation="https://maven.apache.org/surefire/maven-surefire-plugin/xsd/surefire-test-report.xsd" name="br.com.edsoft.tasks.funcional.TasksTest" time="6.968" tests="4" errors="0" skipped="0" failures="0">
  <properties>
[...]
</properties>
  <testcase name="naoDeveSalvaTarafaSemData" classname="br.com.edsoft.tasks.funcional.TasksTest" time="4.828"/>
  <testcase name="naoDeveSalvaTarafaComDataPassada" classname="br.com.edsoft.tasks.funcional.TasksTest" time="4.988"/>
  <testcase name="deveSalvaTarefa" classname="br.com.edsoft.tasks.funcional.TasksTest" time="6.967"/>
  <testcase name="naoDeveSalvaTarafaSemDescricao" classname="br.com.edsoft.tasks.funcional.TasksTest" time="6.792"/>
</testsuite>